<?xml version="1.0" encoding="UTF-8"?>
<robot generator="Robot 7.4.2 (Python 3.12.10 on win32)" generated="2026-03-20T15:32:40.067213" rpa="false" schemaversion="5">
<suite id="s1" name="S32K Register Tests" source="D:\git-repos\test-env\robot-tests\tests\s32k_register_tests.robot">
<test id="s1-t1" name="Run S32K144 Register Tests From CSV" line="10">
<kw name="Read Csv File To Associative" owner="CSVLibrary">
<msg time="2026-03-20T15:32:40.146507" level="INFO">${test_cases} = [{'input_address': '0x40048000', 'input_value': '0x00000000', 'output_address': '0x40048000', 'expected_value': '0x00000001'}, {'input_address': '0x40049000', 'input_value': '0x00000000', 'output_addr...</msg>
<var>${test_cases}</var>
<arg>${CSV_FILE}</arg>
<doc>Read CSV file and return its content as a Python list of dictionaries.</doc>
<status status="PASS" start="2026-03-20T15:32:40.146507" elapsed="0.000000"/>
</kw>
<for flavor="IN">
<iter>
<kw name="Get From Dictionary" owner="Collections">
<msg time="2026-03-20T15:32:40.162328" level="INFO">${in_addr} = 0x40048000</msg>
<var>${in_addr}</var>
<arg>${row}</arg>
<arg>input_address</arg>
<doc>Returns a value from the given ``dictionary`` based on the given ``key``.</doc>
<status status="PASS" start="2026-03-20T15:32:40.146507" elapsed="0.015821"/>
</kw>
<kw name="Get From Dictionary" owner="Collections">
<msg time="2026-03-20T15:32:40.162328" level="INFO">${in_val} = 0x00000000</msg>
<var>${in_val}</var>
<arg>${row}</arg>
<arg>input_value</arg>
<doc>Returns a value from the given ``dictionary`` based on the given ``key``.</doc>
<status status="PASS" start="2026-03-20T15:32:40.162328" elapsed="0.000000"/>
</kw>
<kw name="Get From Dictionary" owner="Collections">
<msg time="2026-03-20T15:32:40.162328" level="INFO">${out_addr} = 0x40048000</msg>
<var>${out_addr}</var>
<arg>${row}</arg>
<arg>output_address</arg>
<doc>Returns a value from the given ``dictionary`` based on the given ``key``.</doc>
<status status="PASS" start="2026-03-20T15:32:40.162328" elapsed="0.000000"/>
</kw>
<kw name="Get From Dictionary" owner="Collections">
<msg time="2026-03-20T15:32:40.162328" level="INFO">${exp_val} = 0x00000001</msg>
<var>${exp_val}</var>
<arg>${row}</arg>
<arg>expected_value</arg>
<doc>Returns a value from the given ``dictionary`` based on the given ``key``.</doc>
<status status="PASS" start="2026-03-20T15:32:40.162328" elapsed="0.000000"/>
</kw>
<kw name="Log" owner="BuiltIn">
<msg time="2026-03-20T15:32:40.162328" level="INFO">Writing 0x00000000 to 0x40048000</msg>
<arg>Writing ${in_val} to ${in_addr}</arg>
<doc>Logs the given message with the given level.</doc>
<status status="PASS" start="2026-03-20T15:32:40.162328" elapsed="0.000000"/>
</kw>
<kw name="Write Register" owner="S32K144GdbLibrary">
<arg>${in_addr}</arg>
<arg>${in_val}</arg>
<doc>Write a value to a memory-mapped register on the S32K144.</doc>
<status status="PASS" start="2026-03-20T15:32:40.162328" elapsed="0.079002"/>
</kw>
<kw name="Read Register" owner="S32K144GdbLibrary">
<msg time="2026-03-20T15:32:40.455530" level="INFO">${actual} = 0x00000000</msg>
<var>${actual}</var>
<arg>${out_addr}</arg>
<doc>Read a value from a memory-mapped register. Returns hex string.</doc>
<status status="PASS" start="2026-03-20T15:32:40.241330" elapsed="0.214200"/>
</kw>
<kw name="Should Be Equal" owner="BuiltIn">
<msg time="2026-03-20T15:32:40.455530" level="FAIL">FAIL: 0x40048000 expected 0x00000001 but got 0x00000000: 0x00000000 != 0x00000001</msg>
<arg>${actual}</arg>
<arg>${exp_val.lower()}</arg>
<arg>msg=FAIL: ${out_addr} expected ${exp_val} but got ${actual}</arg>
<doc>Fails if the given objects are unequal.</doc>
<status status="FAIL" start="2026-03-20T15:32:40.455530" elapsed="0.000000">FAIL: 0x40048000 expected 0x00000001 but got 0x00000000: 0x00000000 != 0x00000001</status>
</kw>
<kw name="Log" owner="BuiltIn">
<arg>PASS: ${out_addr} = ${actual}</arg>
<doc>Logs the given message with the given level.</doc>
<status status="NOT RUN" start="2026-03-20T15:32:40.455530" elapsed="0.000000"/>
</kw>
<var name="${row}">{'input_address': '0x40048000', 'input_value': '0x00000000', 'output_address': '0x40048000', 'expected_value': '0x00000001'}</var>
<status status="FAIL" start="2026-03-20T15:32:40.146507" elapsed="0.309023">FAIL: 0x40048000 expected 0x00000001 but got 0x00000000: 0x00000000 != 0x00000001</status>
</iter>
<var>${row}</var>
<value>@{test_cases}</value>
<status status="FAIL" start="2026-03-20T15:32:40.146507" elapsed="0.309023">FAIL: 0x40048000 expected 0x00000001 but got 0x00000000: 0x00000000 != 0x00000001</status>
</for>
<doc>Reads test cases from CSV and validates register read/write on S32K144</doc>
<status status="FAIL" start="2026-03-20T15:32:40.146507" elapsed="0.309023">FAIL: 0x40048000 expected 0x00000001 but got 0x00000000: 0x00000000 != 0x00000001</status>
</test>
<status status="FAIL" start="2026-03-20T15:32:40.067213" elapsed="0.388317"/>
</suite>
<statistics>
<total>
<stat pass="0" fail="1" skip="0">All Tests</stat>
</total>
<tag>
</tag>
<suite>
<stat name="S32K Register Tests" id="s1" pass="0" fail="1" skip="0">S32K Register Tests</stat>
</suite>
</statistics>
<errors>
</errors>
</robot>
